<?xml version="1.0" encoding="UTF-8"?>
<testng-results skipped="0" failed="1" total="7" passed="6">
  <reporter-output>
  </reporter-output>
  <suite name="Default suite" duration-ms="131267" started-at="2014-03-25T19:15:49Z" finished-at="2014-03-25T19:18:01Z">
    <groups>
    </groups>
    <test name="Default test" duration-ms="131267" started-at="2014-03-25T19:15:49Z" finished-at="2014-03-25T19:18:01Z">
      <class name="com.example.tests.ContactRemoval">
        <test-method status="FAIL" signature="deleteSomeContact()[pri:0, instance:com.example.tests.ContactRemoval@d74b31]" name="deleteSomeContact" duration-ms="30108" started-at="2014-03-25T23:17:30Z" finished-at="2014-03-25T23:18:00Z">
          <exception class="org.openqa.selenium.NoSuchElementException">
            <message>
              <![CDATA[Unable to locate element: {"method":"xpath","selector":"//tr[112]/td[7]"}
Command duration or timeout: 30.08 seconds
For documentation on this error, please visit: http://seleniumhq.org/exceptions/no_such_element.html
Build info: version: '2.40.0', revision: 'fbe29a9', time: '2014-02-19 20:54:28'
System info: host: 'User-PC', ip: '192.168.1.8', os.name: 'Windows 7', os.arch: 'x86', os.version: '6.1', java.version: '1.7.0_51'
Session ID: eacc79b6-c5b4-48b6-acde-69aff2829ea0
Driver info: org.openqa.selenium.firefox.FirefoxDriver
Capabilities [{platform=XP, acceptSslCerts=true, javascriptEnabled=true, cssSelectorsEnabled=true, databaseEnabled=true, browserName=firefox, handlesAlerts=true, browserConnectionEnabled=true, webStorageEnabled=true, nativeEvents=true, rotatable=false, locationContextEnabled=true, applicationCacheEnabled=true, takesScreenshot=true, version=27.0.1}]]]>
            </message>
            <full-stacktrace>
              <![CDATA[org.openqa.selenium.NoSuchElementException: Unable to locate element: {"method":"xpath","selector":"//tr[112]/td[7]"}
Command duration or timeout: 30.08 seconds
For documentation on this error, please visit: http://seleniumhq.org/exceptions/no_such_element.html
Build info: version: '2.40.0', revision: 'fbe29a9', time: '2014-02-19 20:54:28'
System info: host: 'User-PC', ip: '192.168.1.8', os.name: 'Windows 7', os.arch: 'x86', os.version: '6.1', java.version: '1.7.0_51'
Session ID: eacc79b6-c5b4-48b6-acde-69aff2829ea0
Driver info: org.openqa.selenium.firefox.FirefoxDriver
Capabilities [{platform=XP, acceptSslCerts=true, javascriptEnabled=true, cssSelectorsEnabled=true, databaseEnabled=true, browserName=firefox, handlesAlerts=true, browserConnectionEnabled=true, webStorageEnabled=true, nativeEvents=true, rotatable=false, locationContextEnabled=true, applicationCacheEnabled=true, takesScreenshot=true, version=27.0.1}]
	at sun.reflect.NativeConstructorAccessorImpl.newInstance0(Native Method)
	at sun.reflect.NativeConstructorAccessorImpl.newInstance(Unknown Source)
	at sun.reflect.DelegatingConstructorAccessorImpl.newInstance(Unknown Source)
	at java.lang.reflect.Constructor.newInstance(Unknown Source)
	at org.openqa.selenium.remote.ErrorHandler.createThrowable(ErrorHandler.java:193)
	at org.openqa.selenium.remote.ErrorHandler.throwIfResponseFailed(ErrorHandler.java:145)
	at org.openqa.selenium.remote.RemoteWebDriver.execute(RemoteWebDriver.java:573)
	at org.openqa.selenium.remote.RemoteWebDriver.findElement(RemoteWebDriver.java:326)
	at org.openqa.selenium.remote.RemoteWebDriver.findElementByXPath(RemoteWebDriver.java:423)
	at org.openqa.selenium.By$ByXPath.findElement(By.java:357)
	at org.openqa.selenium.remote.RemoteWebDriver.findElement(RemoteWebDriver.java:318)
	at com.example.fw.HelperBase.click(HelperBase.java:65)
	at com.example.fw.ContactHelper.initContactUpdate(ContactHelper.java:111)
	at com.example.fw.ContactHelper.deleteContact(ContactHelper.java:37)
	at com.example.tests.ContactRemoval.deleteSomeContact(ContactRemoval.java:24)
	at sun.reflect.NativeMethodAccessorImpl.invoke0(Native Method)
	at sun.reflect.NativeMethodAccessorImpl.invoke(Unknown Source)
	at sun.reflect.DelegatingMethodAccessorImpl.invoke(Unknown Source)
	at java.lang.reflect.Method.invoke(Unknown Source)
	at org.testng.internal.MethodInvocationHelper.invokeMethod(MethodInvocationHelper.java:84)
	at org.testng.internal.Invoker.invokeMethod(Invoker.java:714)
	at org.testng.internal.Invoker.invokeTestMethod(Invoker.java:901)
	at org.testng.internal.Invoker.invokeTestMethods(Invoker.java:1231)
	at org.testng.internal.TestMethodWorker.invokeTestMethods(TestMethodWorker.java:127)
	at org.testng.internal.TestMethodWorker.run(TestMethodWorker.java:111)
	at org.testng.TestRunner.privateRun(TestRunner.java:767)
	at org.testng.TestRunner.run(TestRunner.java:617)
	at org.testng.SuiteRunner.runTest(SuiteRunner.java:334)
	at org.testng.SuiteRunner.runSequentially(SuiteRunner.java:329)
	at org.testng.SuiteRunner.privateRun(SuiteRunner.java:291)
	at org.testng.SuiteRunner.run(SuiteRunner.java:240)
	at org.testng.SuiteRunnerWorker.runSuite(SuiteRunnerWorker.java:52)
	at org.testng.SuiteRunnerWorker.run(SuiteRunnerWorker.java:86)
	at org.testng.TestNG.runSuitesSequentially(TestNG.java:1224)
	at org.testng.TestNG.runSuitesLocally(TestNG.java:1149)
	at org.testng.TestNG.run(TestNG.java:1057)
	at org.testng.remote.RemoteTestNG.run(RemoteTestNG.java:111)
	at org.testng.remote.RemoteTestNG.initAndRun(RemoteTestNG.java:204)
	at org.testng.remote.RemoteTestNG.main(RemoteTestNG.java:175)
Caused by: org.openqa.selenium.remote.ErrorHandler$UnknownServerException: Unable to locate element: {"method":"xpath","selector":"//tr[112]/td[7]"}
Build info: version: '2.40.0', revision: 'fbe29a9', time: '2014-02-19 20:54:28'
System info: host: 'User-PC', ip: '192.168.1.8', os.name: 'Windows 7', os.arch: 'x86', os.version: '6.1', java.version: '1.7.0_51'
Driver info: driver.version: unknown
	at <anonymous class>.FirefoxDriver.prototype.findElementInternal_(file:///C:/Users/User/AppData/Local/Temp/anonymous4570065899921723324webdriver-profile/extensions/fxdriver@googlecode.com/components/driver_component.js:8904)
	at <anonymous class>.fxdriver.Timer.prototype.setTimeout/<.notify(file:///C:/Users/User/AppData/Local/Temp/anonymous4570065899921723324webdriver-profile/extensions/fxdriver@googlecode.com/components/driver_component.js:396)
]]>
            </full-stacktrace>
          </exception> <!-- org.openqa.selenium.NoSuchElementException -->
          <reporter-output>
          </reporter-output>
        </test-method> <!-- deleteSomeContact -->
      </class> <!-- com.example.tests.ContactRemoval -->
      <class name="com.example.tests.GroupRemoval">
        <test-method status="PASS" signature="deleteSomeGroup()[pri:0, instance:com.example.tests.GroupRemoval@aaca8a]" name="deleteSomeGroup" duration-ms="35116" started-at="2014-03-25T23:16:55Z" finished-at="2014-03-25T23:17:30Z">
          <reporter-output>
          </reporter-output>
        </test-method> <!-- deleteSomeGroup -->
      </class> <!-- com.example.tests.GroupRemoval -->
      <class name="com.example.tests.ContactCreationValid">
        <test-method status="PASS" signature="setUp()[pri:0, instance:com.example.tests.ContactCreationValid@1dc8ea3]" name="setUp" is-config="true" duration-ms="12142" started-at="2014-03-25T23:15:49Z" finished-at="2014-03-25T23:16:02Z">
          <reporter-output>
          </reporter-output>
        </test-method> <!-- setUp -->
        <test-method status="PASS" signature="testContactCreation(com.example.tests.ContactData)[pri:0, instance:com.example.tests.ContactCreationValid@1dc8ea3]" name="testContactCreation" duration-ms="12778" started-at="2014-03-25T23:16:02Z" data-provider="randomValidContactGenerator" finished-at="2014-03-25T23:16:14Z">
          <params>
            <param index="0">
              <value>
                <![CDATA[ContactData [lastname=]]]>
              </value>
            </param>
          </params>
          <reporter-output>
          </reporter-output>
        </test-method> <!-- testContactCreation -->
        <test-method status="PASS" signature="testContactCreation(com.example.tests.ContactData)[pri:0, instance:com.example.tests.ContactCreationValid@1dc8ea3]" name="testContactCreation" duration-ms="10344" started-at="2014-03-25T23:16:14Z" data-provider="randomValidContactGenerator" finished-at="2014-03-25T23:16:25Z">
          <params>
            <param index="0">
              <value>
                <![CDATA[ContactData [lastname=test597401]]]>
              </value>
            </param>
          </params>
          <reporter-output>
          </reporter-output>
        </test-method> <!-- testContactCreation -->
        <test-method status="PASS" signature="testContactCreation(com.example.tests.ContactData)[pri:0, instance:com.example.tests.ContactCreationValid@1dc8ea3]" name="testContactCreation" duration-ms="10249" started-at="2014-03-25T23:16:25Z" data-provider="randomValidContactGenerator" finished-at="2014-03-25T23:16:35Z">
          <params>
            <param index="0">
              <value>
                <![CDATA[ContactData [lastname=test-876277672]]]>
              </value>
            </param>
          </params>
          <reporter-output>
          </reporter-output>
        </test-method> <!-- testContactCreation -->
        <test-method status="PASS" signature="testContactCreation(com.example.tests.ContactData)[pri:0, instance:com.example.tests.ContactCreationValid@1dc8ea3]" name="testContactCreation" duration-ms="9875" started-at="2014-03-25T23:16:35Z" data-provider="randomValidContactGenerator" finished-at="2014-03-25T23:16:45Z">
          <params>
            <param index="0">
              <value>
                <![CDATA[ContactData [lastname=test10247650]]]>
              </value>
            </param>
          </params>
          <reporter-output>
          </reporter-output>
        </test-method> <!-- testContactCreation -->
        <test-method status="PASS" signature="testContactCreation(com.example.tests.ContactData)[pri:0, instance:com.example.tests.ContactCreationValid@1dc8ea3]" name="testContactCreation" duration-ms="10265" started-at="2014-03-25T23:16:45Z" data-provider="randomValidContactGenerator" finished-at="2014-03-25T23:16:55Z">
          <params>
            <param index="0">
              <value>
                <![CDATA[ContactData [lastname=test1744187457]]]>
              </value>
            </param>
          </params>
          <reporter-output>
          </reporter-output>
        </test-method> <!-- testContactCreation -->
        <test-method status="PASS" signature="tearDown()[pri:0, instance:com.example.tests.ContactCreationValid@1dc8ea3]" name="tearDown" is-config="true" duration-ms="343" started-at="2014-03-25T23:18:00Z" finished-at="2014-03-25T23:18:01Z">
          <reporter-output>
          </reporter-output>
        </test-method> <!-- tearDown -->
      </class> <!-- com.example.tests.ContactCreationValid -->
    </test> <!-- Default test -->
  </suite> <!-- Default suite -->
</testng-results>
